<?xml version="1.0" encoding="UTF-8"?>
<testng-results ignored="0" total="1" passed="1" failed="0" skipped="0">
  <reporter-output>
  </reporter-output>
  <suite started-at="2022-12-16T18:08:12 IST" name="Default suite" finished-at="2022-12-16T18:09:01 IST" duration-ms="49317">
    <groups>
      <group name="cucumber">
        <method signature="AbstractTestNGCucumberTests.runScenario(io.cucumber.testng.PickleWrapper, io.cucumber.testng.FeatureWrapper)[pri:0, instance:Runner.test_runner@3835c46]" name="runScenario" class="io.cucumber.testng.AbstractTestNGCucumberTests"/>
      </group> <!-- cucumber -->
    </groups>
    <test started-at="2022-12-16T18:08:12 IST" name="Default test" finished-at="2022-12-16T18:09:01 IST" duration-ms="49317">
      <class name="Runner.test_runner">
        <test-method is-config="true" signature="setUpClass(org.testng.ITestContext)[pri:0, instance:Runner.test_runner@3835c46]" started-at="2022-12-16T18:08:12 IST" name="setUpClass" finished-at="2022-12-16T18:08:12 IST" duration-ms="218" status="PASS">
          <params>
            <param index="0">
              <value>
                <![CDATA[org.testng.TestRunner@6e7c351d]]>
              </value>
            </param>
          </params>
          <reporter-output>
          </reporter-output>
        </test-method> <!-- setUpClass -->
        <test-method signature="runScenario(io.cucumber.testng.PickleWrapper, io.cucumber.testng.FeatureWrapper)[pri:0, instance:Runner.test_runner@3835c46]" started-at="2022-12-16T18:08:12 IST" name="runScenario" description="Runs Cucumber Scenarios" data-provider="scenarios" finished-at="2022-12-16T18:09:01 IST" duration-ms="49059" status="PASS">
          <params>
            <param index="0">
              <value>
                <![CDATA["To test the login page of orange hrm"]]>
              </value>
            </param>
            <param index="1">
              <value>
                <![CDATA["Testing orange hrm"]]>
              </value>
            </param>
          </params>
          <reporter-output>
          </reporter-output>
        </test-method> <!-- runScenario -->
        <test-method is-config="true" signature="tearDownClass()[pri:0, instance:Runner.test_runner@3835c46]" started-at="2022-12-16T18:09:01 IST" name="tearDownClass" finished-at="2022-12-16T18:09:01 IST" duration-ms="8" status="PASS">
          <reporter-output>
          </reporter-output>
        </test-method> <!-- tearDownClass -->
      </class> <!-- Runner.test_runner -->
    </test> <!-- Default test -->
  </suite> <!-- Default suite -->
</testng-results>
