<?xml version="1.0" encoding="UTF-8"?>
<!-- Generated by org.testng.reporters.JUnitXMLReporter -->
<testsuite ignored="2" hostname="SOURABH" failures="0" tests="1" name="Test" time="0.058" errors="0" timestamp="2022-12-14T14:34:46 IST">
  <testcase classname="sour1234.testsmoke" name="testcase2" time="0.01"/>
  <testcase classname="sour1234.testsmoke" name="testcase3" time="0.0">
    <ignored/>
  </testcase> <!-- testcase3 -->
  <testcase classname="sour1234.testsmoke" name="testcase1" time="0.0">
    <ignored/>
  </testcase> <!-- testcase1 -->
</testsuite> <!-- Test -->
